{
  "RSpec": {
    "coverage": {
      "/Users/nicolakeys/Makers/tech_tests/gilded-rose/GildedRose-Refactoring-Kata/ruby/spec/features/gilded_rose_features_spec.rb": {
        "lines": [
          null,
          1,
          null,
          null,
          1,
          3,
          2,
          null,
          1,
          1,
          1,
          1,
          null,
          null,
          1,
          1,
          1,
          1,
          1,
          null,
          null,
          1,
          1,
          1,
          1,
          null,
          null,
          1,
          1,
          1,
          1,
          null,
          null,
          1,
          1,
          1,
          1,
          null,
          null,
          null,
          1,
          1,
          1,
          1,
          1,
          null,
          null,
          1,
          1,
          1,
          1,
          null,
          1,
          1,
          1,
          1,
          null,
          null,
          null,
          1,
          1,
          1,
          1,
          1,
          1,
          null,
          null,
          null,
          1,
          1,
          1,
          1,
          1,
          null,
          null,
          1,
          1,
          1,
          1,
          null,
          null,
          1,
          1,
          1,
          1,
          null,
          null,
          1,
          1,
          1,
          1,
          null,
          null,
          null,
          1,
          1,
          1,
          1,
          1,
          null,
          null,
          1,
          1,
          1,
          1,
          null,
          null,
          1,
          1,
          1,
          1,
          null,
          null,
          1,
          1,
          1,
          1,
          null,
          null,
          null,
          null
        ]
      },
      "/Users/nicolakeys/Makers/tech_tests/gilded-rose/GildedRose-Refactoring-Kata/ruby/lib/gilded_rose.rb": {
        "lines": [
          null,
          null,
          null,
          1,
          1,
          17,
          null,
          17,
          5,
          5,
          null,
          4,
          4,
          null,
          3,
          3,
          null,
          12,
          null,
          null,
          null,
          null,
          1,
          8,
          8,
          2,
          null,
          8,
          null,
          6,
          null,
          2,
          null,
          null,
          null,
          1,
          15,
          15,
          null,
          10,
          null,
          null,
          null,
          1,
          6,
          2,
          null,
          4,
          null,
          null,
          null,
          1,
          11,
          null,
          null,
          1,
          30,
          null,
          null,
          1,
          31,
          null,
          null,
          1,
          17,
          null,
          null,
          1,
          21,
          null,
          null,
          null,
          1,
          1,
          null,
          1,
          17,
          17,
          17,
          null,
          null,
          null,
          null,
          null,
          null
        ]
      },
      "/Users/nicolakeys/Makers/tech_tests/gilded-rose/GildedRose-Refactoring-Kata/ruby/spec/gilded_rose_spec.rb": {
        "lines": [
          null,
          null,
          null,
          1,
          null,
          1,
          null,
          1,
          1,
          1,
          null,
          1,
          1,
          null,
          null,
          1,
          1,
          1,
          1,
          null,
          null,
          null,
          1,
          1,
          1,
          1,
          null,
          null,
          1,
          1,
          1,
          null,
          null,
          null,
          1,
          1,
          1,
          1,
          null,
          null,
          1,
          1,
          1,
          null,
          null,
          1,
          1,
          1,
          null,
          null,
          1,
          1,
          1,
          null,
          null,
          null,
          1,
          1,
          1,
          1,
          1,
          null,
          null,
          1,
          1,
          1,
          1,
          null,
          null,
          1,
          1,
          1,
          1,
          null,
          null,
          1,
          1,
          1,
          1,
          null,
          null,
          null,
          1,
          1,
          1,
          1,
          1,
          null,
          null,
          1,
          1,
          1,
          1,
          null,
          1,
          1,
          1,
          1,
          null,
          null,
          null,
          1,
          1,
          1,
          1,
          null,
          null,
          1,
          1,
          1,
          null,
          null,
          null,
          1,
          1,
          1,
          1,
          null,
          null,
          1,
          1,
          1,
          null,
          null,
          null,
          null
        ]
      }
    },
    "timestamp": 1604598472
  }
}
